  Engine.cpp
  AbstractGame.cpp
  ApplicationSettings.cpp
  GameSettings.cpp
  PhyxSettings.cpp
  Settings.cpp
  WorldSettings.cpp
  Graphics.cpp
  Logic.cpp
  MainTimer.cpp
  MainWindow.cpp
  SystemFactory.cpp
  SystemManager.cpp
  System.cpp
  Logger.cpp
  Manager.cpp
  IWindow.cpp
  Renderer.cpp
  Component.cpp
  ShapeComponent.cpp
  Compiling...
  Object.cpp
  GameObject.cpp
  SceneObject.cpp
  CircleShape.cpp
  LineShape.cpp
  PolygonShape.cpp
  RectShape.cpp
  Timer.cpp
  SceneManager.cpp
  Scene.cpp
  Core.vcxproj -> C:\Users\Riley\documents\visual studio 2015\Projects\SimplicityEngine\\bin\Core\Release\Core.lib
