c:\users\riley.smith\documents\visual studio 2015\projects\simplicityengine\bin\core\debug\intermediate\core.pdb
c:\users\riley.smith\documents\visual studio 2015\projects\simplicityengine\bin\core\debug\intermediate\core.idb
c:\users\riley.smith\documents\visual studio 2015\projects\simplicityengine\bin\core\debug\intermediate\rect2d.obj
c:\users\riley.smith\documents\visual studio 2015\projects\simplicityengine\bin\core\debug\intermediate\vector2d.obj
c:\users\riley.smith\documents\visual studio 2015\projects\simplicityengine\bin\core\debug\intermediate\singleton.obj
c:\users\riley.smith\documents\visual studio 2015\projects\simplicityengine\bin\core\debug\intermediate\idrawable.obj
c:\users\riley.smith\documents\visual studio 2015\projects\simplicityengine\bin\core\debug\intermediate\ifillableshape.obj
c:\users\riley.smith\documents\visual studio 2015\projects\simplicityengine\bin\core\debug\intermediate\iwindow.obj
c:\users\riley.smith\documents\visual studio 2015\projects\simplicityengine\bin\core\debug\intermediate\renderer.obj
c:\users\riley.smith\documents\visual studio 2015\projects\simplicityengine\bin\core\debug\intermediate\component.obj
c:\users\riley.smith\documents\visual studio 2015\projects\simplicityengine\bin\core\debug\intermediate\shapecomponent.obj
c:\users\riley.smith\documents\visual studio 2015\projects\simplicityengine\bin\core\debug\intermediate\object.obj
c:\users\riley.smith\documents\visual studio 2015\projects\simplicityengine\bin\core\debug\intermediate\gameobject.obj
c:\users\riley.smith\documents\visual studio 2015\projects\simplicityengine\bin\core\debug\intermediate\sceneobject.obj
c:\users\riley.smith\documents\visual studio 2015\projects\simplicityengine\bin\core\debug\intermediate\circleshape.obj
c:\users\riley.smith\documents\visual studio 2015\projects\simplicityengine\bin\core\debug\intermediate\lineshape.obj
c:\users\riley.smith\documents\visual studio 2015\projects\simplicityengine\bin\core\debug\intermediate\polygonshape.obj
c:\users\riley.smith\documents\visual studio 2015\projects\simplicityengine\bin\core\debug\intermediate\rectshape.obj
c:\users\riley.smith\documents\visual studio 2015\projects\simplicityengine\bin\core\debug\intermediate\shape.obj
c:\users\riley.smith\documents\visual studio 2015\projects\simplicityengine\bin\core\debug\intermediate\timer.obj
c:\users\riley.smith\documents\visual studio 2015\projects\simplicityengine\bin\core\debug\intermediate\scenemanager.obj
c:\users\riley.smith\documents\visual studio 2015\projects\simplicityengine\bin\core\debug\intermediate\scene.obj
c:\users\riley.smith\documents\visual studio 2015\projects\simplicityengine\bin\core\debug\intermediate\rendercomponent.obj
c:\users\riley.smith\documents\visual studio 2015\projects\simplicityengine\bin\core\debug\intermediate\engine.obj
c:\users\riley.smith\documents\visual studio 2015\projects\simplicityengine\bin\core\debug\intermediate\abstractgame.obj
c:\users\riley.smith\documents\visual studio 2015\projects\simplicityengine\bin\core\debug\intermediate\game.obj
c:\users\riley.smith\documents\visual studio 2015\projects\simplicityengine\bin\core\debug\intermediate\crenderutils.obj
c:\users\riley.smith\documents\visual studio 2015\projects\simplicityengine\bin\core\debug\intermediate\applicationsettings.obj
c:\users\riley.smith\documents\visual studio 2015\projects\simplicityengine\bin\core\debug\intermediate\gamesettings.obj
c:\users\riley.smith\documents\visual studio 2015\projects\simplicityengine\bin\core\debug\intermediate\phyxsettings.obj
c:\users\riley.smith\documents\visual studio 2015\projects\simplicityengine\bin\core\debug\intermediate\settings.obj
c:\users\riley.smith\documents\visual studio 2015\projects\simplicityengine\bin\core\debug\intermediate\worldsettings.obj
c:\users\riley.smith\documents\visual studio 2015\projects\simplicityengine\bin\core\debug\intermediate\graphics.obj
c:\users\riley.smith\documents\visual studio 2015\projects\simplicityengine\bin\core\debug\intermediate\logic.obj
c:\users\riley.smith\documents\visual studio 2015\projects\simplicityengine\bin\core\debug\intermediate\maintimer.obj
c:\users\riley.smith\documents\visual studio 2015\projects\simplicityengine\bin\core\debug\intermediate\mainwindow.obj
c:\users\riley.smith\documents\visual studio 2015\projects\simplicityengine\bin\core\debug\intermediate\systemfactory.obj
c:\users\riley.smith\documents\visual studio 2015\projects\simplicityengine\bin\core\debug\intermediate\systemmanager.obj
c:\users\riley.smith\documents\visual studio 2015\projects\simplicityengine\bin\core\debug\intermediate\system.obj
c:\users\riley.smith\documents\visual studio 2015\projects\simplicityengine\bin\core\debug\intermediate\logger.obj
c:\users\riley.smith\documents\visual studio 2015\projects\simplicityengine\bin\core\debug\intermediate\manager.obj
c:\users\riley.smith\documents\visual studio 2015\projects\simplicityengine\bin\core\debug\intermediate\matrix2d.obj
c:\users\riley.smith\documents\visual studio 2015\projects\simplicityengine\bin\core\debug\intermediate\input.obj
c:\users\riley.smith\documents\visual studio 2015\projects\simplicityengine\bin\core\debug\core.lib
c:\users\riley.smith\documents\visual studio 2015\projects\simplicityengine\\bin\core\debug\core.pdb
c:\users\riley.smith\documents\visual studio 2015\projects\simplicityengine\\bin\core\debug\core.lib
c:\users\riley.smith\documents\visual studio 2015\projects\simplicityengine\bin\core\debug\intermediate\core.tlog\cl.command.1.tlog
c:\users\riley.smith\documents\visual studio 2015\projects\simplicityengine\bin\core\debug\intermediate\core.tlog\cl.read.1.tlog
c:\users\riley.smith\documents\visual studio 2015\projects\simplicityengine\bin\core\debug\intermediate\core.tlog\cl.write.1.tlog
c:\users\riley.smith\documents\visual studio 2015\projects\simplicityengine\bin\core\debug\intermediate\core.tlog\lib-link.read.1.tlog
c:\users\riley.smith\documents\visual studio 2015\projects\simplicityengine\bin\core\debug\intermediate\core.tlog\lib-link.write.1.tlog
c:\users\riley.smith\documents\visual studio 2015\projects\simplicityengine\bin\core\debug\intermediate\core.tlog\lib.command.1.tlog
