  Scene.cpp
  SceneManager.cpp
  Timer.cpp
  Shape.cpp
  RectShape.cpp
  PolygonShape.cpp
  LineShape.cpp
  CircleShape.cpp
  SceneObject.cpp
  GameObject.cpp
  Object.cpp
  ShapeComponent.cpp
  Component.cpp
  Renderer.cpp
  IWindow.cpp
c:\users\riley.smith\documents\visual studio 2015\projects\simplicityengine\core\src\interfaces\iwindow.cpp(96): error C4996: 'sprintf': This function or variable may be unsafe. Consider using sprintf_s instead. To disable deprecation, use _CRT_SECURE_NO_WARNINGS. See online help for details.
  c:\program files (x86)\windows kits\10\include\10.0.10240.0\ucrt\stdio.h(1769): note: see declaration of 'sprintf'
  IFillableShape.cpp
  IDrawable.cpp
  Singleton.cpp
  Vector2D.cpp
  Rect2D.cpp
  Generating Code...
  Compiling...
  Matrix2D.cpp
  Manager.cpp
  Logger.cpp
  System.cpp
  SystemManager.cpp
  SystemFactory.cpp
  MainWindow.cpp
  MainTimer.cpp
  Logic.cpp
  Graphics.cpp
  WorldSettings.cpp
  Settings.cpp
  PhyxSettings.cpp
  GameSettings.cpp
  ApplicationSettings.cpp
  crenderutils.cpp
  Game.cpp
  AbstractGame.cpp
  Engine.cpp
  RenderComponent.cpp
  Generating Code...
  Compiling...
  Input.cpp
  Generating Code...
